<?xml version="1.0" encoding="UTF-8"?>
<!-- Generated by org.testng.reporters.JUnitReportReporter -->
<testsuite hostname="Mds-MacBook-Pro.T-mobile.com" failures="0" tests="2" name="PageTestPackage.HomePageTest" time="7.562" errors="0" timestamp="13 Jan 2023 21:26:03 GMT" skipped="0">
  <testcase classname="PageTestPackage.HomePageTest" name="Testlogo" time="4.226"/>
  <testcase classname="PageTestPackage.HomePageTest" name="verifyinglogin" time="3.336"/>
</testsuite> <!-- PageTestPackage.HomePageTest -->
