<?xml version="1.0" encoding="UTF-8"?>
<!-- Generated by org.testng.reporters.JUnitReportReporter -->
<testsuite hostname="Mds-MacBook-Pro.T-mobile.com" failures="0" tests="1" name="PageTestPackage.LoginPageTest" time="3.332" errors="0" timestamp="13 Jan 2023 21:26:03 GMT" skipped="0">
  <testcase classname="PageTestPackage.LoginPageTest" name="Testlogin" time="3.332"/>
</testsuite> <!-- PageTestPackage.LoginPageTest -->
