<?xml version="1.0" encoding="UTF-8"?>
<!-- Generated by org.testng.reporters.JUnitReportReporter -->
<testsuite hostname="Mds-MacBook-Pro.T-mobile.com" failures="0" tests="2" name="PageTestPackage.LandingPageTest" time="6.403" errors="0" timestamp="13 Jan 2023 21:26:03 GMT" skipped="0">
  <testcase classname="PageTestPackage.LandingPageTest" name="TestMailID" time="3.089"/>
  <testcase classname="PageTestPackage.LandingPageTest" name="TestWbl" time="3.314"/>
</testsuite> <!-- PageTestPackage.LandingPageTest -->
